build/app/outputs/mapping/release/mapping.txt
# compiler: R8
# compiler_version: 1.5.64
# min_api: 21
# pg_map_id: 6904f85
com.wigilabs.spotify.MainActivity -> com.wigilabs.spotify.MainActivity:
    void configureFlutterEngine(io.flutter.embedding.engine.FlutterEngine) -> b
...
androidx.savedstate.SavedStateRegistryController -> androidx.savedstate.a:
    androidx.savedstate.SavedStateRegistryOwner mOwner -> a
    androidx.savedstate.SavedStateRegistry mRegistry -> b
    androidx.savedstate.SavedStateRegistryController create(androidx.savedstate.SavedStateRegistryOwner) -> a
    androidx.savedstate.SavedStateRegistry getSavedStateRegistry() -> a
    void performRestore(android.os.Bundle) -> a
    void performSave(android.os.Bundle) -> b
androidx.savedstate.SavedStateRegistryOwner -> androidx.savedstate.b:
    androidx.savedstate.SavedStateRegistry getSavedStateRegistry() -> g
androidx.vectordrawable.graphics.drawable.AndroidResources -> b.l.a.a.a:
    int[] STYLEABLE_ANIMATED_VECTOR_DRAWABLE_TARGET -> f
    int[] STYLEABLE_ANIMATOR -> g
    int[] STYLEABLE_ANIMATOR_SET -> h
    int[] STYLEABLE_PROPERTY_VALUES_HOLDER -> i
    int[] STYLEABLE_VECTOR_DRAWABLE_GROUP -> b
    int[] STYLEABLE_VECTOR_DRAWABLE_PATH -> c
    int[] STYLEABLE_VECTOR_DRAWABLE_CLIP_PATH -> d
    int[] STYLEABLE_ANIMATED_VECTOR_DRAWABLE -> e
    int[] STYLEABLE_VECTOR_DRAWABLE_TYPE_ARRAY -> a
    int[] STYLEABLE_KEYFRAME -> j
    int[] STYLEABLE_PROPERTY_ANIMATOR -> k
    int[] STYLEABLE_PATH_INTERPOLATOR -> l
androidx.vectordrawable.graphics.drawable.Animatable2Compat -> b.l.a.a.b:
androidx.vectordrawable.graphics.drawable.AnimatedVectorDrawableCompat -> b.l.a.a.c:
    android.graphics.drawable.Drawable$Callback mCallback -> f
    android.animation.ArgbEvaluator mArgbEvaluator -> e
    androidx.vectordrawable.graphics.drawable.AnimatedVectorDrawableCompat$AnimatedVectorDrawableCompatState mAnimatedVectorState -> c
    android.content.Context mContext -> d
    androidx.vectordrawable.graphics.drawable.AnimatedVectorDrawableCompat createFromXmlInner(android.content.Context,android.content.res.Resources,org.xmlpull.v1.XmlPullParser,android.util.AttributeSet,android.content.res.Resources$Theme) -> a
    void setupAnimatorsForTarget(java.lang.String,android.animation.Animator) -> a
    void setupColorAnimator(android.animation.Animator) -> a
androidx.vectordrawable.graphics.drawable.AnimatedVectorDrawableCompat$1 -> b.l.a.a.c$a:
    androidx.vectordrawable.graphics.drawable.AnimatedVectorDrawableCompat this$0 -> b
androidx.vectordrawable.graphics.drawable.AnimatedVectorDrawableCompat$AnimatedVectorDrawableCompatState -> b.l.a.a.c$b:
    androidx.vectordrawable.graphics.drawable.VectorDrawableCompat mVectorDrawable -> b
    android.animation.AnimatorSet mAnimatorSet -> c
    androidx.collection.ArrayMap mTargetNameMap -> e
    java.util.ArrayList mAnimators -> d
    int mChangingConfigurations -> a
    void setupAnimatorSet() -> a
androidx.vectordrawable.graphics.drawable.AnimatedVectorDrawableCompat$AnimatedVectorDrawableDelegateState -> b.l.a.a.c$c:
    android.graphics.drawable.Drawable$ConstantState mDelegateState -> a
androidx.vectordrawable.graphics.drawable.AnimationUtilsCompat -> b.l.a.a.d:
    android.view.animation.Interpolator createInterpolatorFromXml(android.content.Context,android.content.res.Resources,android.content.res.Resources$Theme,org.xmlpull.v1.XmlPullParser) -> a
    android.view.animation.Interpolator loadInterpolator(android.content.Context,int) -> a